#
# A fatal error has been detected by the Java Runtime Environment:
#
#  EXCEPTION_ACCESS_VIOLATION (0xc0000005) at pc=0x000001bcc0f5112d, pid=38148, tid=36856
#
# JRE version: OpenJDK Runtime Environment Corretto-11.0.22.7.1 (11.0.22+7) (build 11.0.22+7-LTS)
# Java VM: OpenJDK 64-Bit Server VM Corretto-11.0.22.7.1 (11.0.22+7-LTS, mixed mode, tiered, compressed oops, g1 gc, windows-amd64)
# Problematic frame:
# v  ~StubRoutines::get_previous_fp
#
# No core dump will be written. Minidumps are not enabled by default on client versions of Windows
#
# If you would like to submit a bug report, please visit:
#   https://github.com/corretto/corretto-11/issues/
#

---------------  S U M M A R Y ------------

Command Line: -javaagent:C:\Users\ashar17\IdeaProjects\HyperTest\src\main\resources\JavaAgent-1.0-SNAPSHOT.jar -javaagent:C:\Program Files\JetBrains\IntelliJ IDEA Community Edition 2022.3.3\lib\idea_rt.jar=63852:C:\Program Files\JetBrains\IntelliJ IDEA Community Edition 2022.3.3\bin -Dfile.encoding=UTF-8 com.HpyerTest.Application.HyperTestApplication

Host: 12th Gen Intel(R) Core(TM) i7-12800H, 20 cores, 31G,  Windows 11 , 64 bit Build 22621 (10.0.22621.3374)
Time: Thu May  2 11:32:32 2024 India Standard Time elapsed time: 1.641644 seconds (0d 0h 0m 1s)

---------------  T H R E A D  ---------------

Current thread (0x000001bcb87d4000):  JavaThread "main" [_thread_in_vm, id=36856, stack(0x00000042d3600000,0x00000042d3700000)]

Stack: [0x00000042d3600000,0x00000042d3700000],  sp=0x00000042d36ff3a0,  free space=1020k
Native frames: (J=compiled Java code, j=interpreted, Vv=VM code, C=native code)
C  0x000001bcc0f5112d


siginfo: EXCEPTION_ACCESS_VIOLATION (0xc0000005), reading address 0x00000000000003d8


Register to memory mapping:

RIP=0x000001bcc0f5112d is at begin+8 in a stub
StubRoutines::get_previous_fp [0x000001bcc0f51125, 0x000001bcc0f51132[ (13 bytes)
RAX=0x00000000000003d8 is an unknown value
RBX=0x00000042d36ff440 is pointing into the stack for thread: 0x000001bcb87d4000
RCX=0x00000042d36ff440 is pointing into the stack for thread: 0x000001bcb87d4000
RDX=0x0 is NULL
RSP=0x00000042d36ff3a0 is pointing into the stack for thread: 0x000001bcb87d4000
RBP=0x00000042d36ff3a0 is pointing into the stack for thread: 0x000001bcb87d4000
RSI=0x0 is NULL
RDI=0x000001bcb87d4000 is a thread
R8 =0x00000042d36ff318 is pointing into the stack for thread: 0x000001bcb87d4000
R9 =0x0 is NULL
R10=0x0 is NULL
R11=0x00000042d36ff3d0 is pointing into the stack for thread: 0x000001bcb87d4000
R12=0x000001bcb87d4c38 points into unknown readable memory: 0x0805fd398df955c3 | c3 55 f9 8d 39 fd 05 08
R13=0x000001bcb887aa78 points into unknown readable memory: 0x000001bcb660e8e0 | e0 e8 60 b6 bc 01 00 00
R14=0x000001bce81444c0 points into unknown readable memory: 0x0000000000000000 | 00 00 00 00 00 00 00 00
R15=0x000001bcb87d4860 points into unknown readable memory: 0x000001bcb87d4880 | 80 48 7d b8 bc 01 00 00


Registers:
RAX=0x00000000000003d8, RBX=0x00000042d36ff440, RCX=0x00000042d36ff440, RDX=0x0000000000000000
RSP=0x00000042d36ff3a0, RBP=0x00000042d36ff3a0, RSI=0x0000000000000000, RDI=0x000001bcb87d4000
R8 =0x00000042d36ff318, R9 =0x0000000000000000, R10=0x0000000000000000, R11=0x00000042d36ff3d0
R12=0x000001bcb87d4c38, R13=0x000001bcb887aa78, R14=0x000001bce81444c0, R15=0x000001bcb87d4860
RIP=0x000001bcc0f5112d, EFLAGS=0x0000000000010202

Top of Stack: (sp=0x00000042d36ff3a0)
0x00000042d36ff3a0:   00000000000003d8 00007fff01d35376
0x00000042d36ff3b0:   00007fffe0a8f550 00007fffe0a8f550
0x00000042d36ff3c0:   00000042d36ff460 00000042d36ff3f0
0x00000042d36ff3d0:   000001bcb87d4850 00007fff017b232c
0x00000042d36ff3e0:   00000042d36ff450 000001bcb6601530
0x00000042d36ff3f0:   00000000000007d0 0000000000007fd8
0x00000042d36ff400:   000001bcb87d4000 00007fff01e89301
0x00000042d36ff410:   000001bcb6601530 000001bcb87d4850
0x00000042d36ff420:   000001bcb87d4850 000001bcb6615500
0x00000042d36ff430:   000001bcb87be9c8 00007fffd7c4148c
0x00000042d36ff440:   0000000000000024 00007fffd7c482d0
0x00000042d36ff450:   00000042d36ff4a0 00007fffe0a8f550
0x00000042d36ff460:   00007fffe0a8f550 0000000000000000
0x00000042d36ff470:   00004aab123ce04d 00007fffd7c47ae0
0x00000042d36ff480:   000001bcb87d4000 00007fff01d37ac0
0x00000042d36ff490:   000001bcb87d4348 00007fffd7c482d0 

Instructions: (pc=0x000001bcc0f5112d)
0x000001bcc0f5102d:   84 83 00 00 00 83 fa 07 0f 84 80 00 00 00 89 01
0x000001bcc0f5103d:   48 8d a5 28 fe ff ff c5 fa 6f 75 b8 c5 fa 6f 7d
0x000001bcc0f5104d:   a8 c5 7a 6f 45 98 c5 7a 6f 4d 88 c5 7a 6f 95 78
0x000001bcc0f5105d:   ff ff ff c5 7a 6f 9d 68 ff ff ff c5 7a 6f a5 58
0x000001bcc0f5106d:   ff ff ff c5 7a 6f ad 48 ff ff ff c5 7a 6f b5 38
0x000001bcc0f5107d:   ff ff ff c5 7a 6f bd 28 ff ff ff 4c 8b 7d c8 4c
0x000001bcc0f5108d:   8b 75 d0 4c 8b 6d d8 4c 8b 65 e0 48 8b 5d f8 48
0x000001bcc0f5109d:   8b 7d e8 48 8b 75 f0 48 81 c4 d8 01 00 00 c5 f8
0x000001bcc0f510ad:   77 5d c3 48 89 01 eb 88 c5 fa 11 01 eb 82 c5 fb
0x000001bcc0f510bd:   11 01 e9 79 ff ff ff 49 89 47 08 49 ba a0 53 03
0x000001bcc0f510cd:   02 ff 7f 00 00 4d 89 57 10 41 c7 47 18 da 01 00
0x000001bcc0f510dd:   00 e9 2d ff ff ff 8b c1 87 02 c3 48 8b c1 48 87
0x000001bcc0f510ed:   02 c3 41 8b c0 f0 0f b1 0a c3 49 0f be c0 f0 0f
0x000001bcc0f510fd:   b0 0a c3 49 8b c0 f0 48 0f b1 0a c3 8b c1 f0 0f
0x000001bcc0f5110d:   c1 0a 03 c1 c3 48 8b c1 f0 48 0f c1 0a 48 03 c1
0x000001bcc0f5111d:   c3 f0 83 44 24 c0 00 c3 55 48 8b ec 48 8b 45 00
0x000001bcc0f5112d:   48 8b 00 5d c3 48 8b c4 48 83 c0 08 c3 c3 0f 1f
0x000001bcc0f5113d:   44 00 00 55 48 8b ec 49 b9 30 05 19 02 ff 7f 00
0x000001bcc0f5114d:   00 f7 d1 41 83 f8 10 0f 8c 38 02 00 00 44 8b da
0x000001bcc0f5115d:   41 83 e3 0f 74 23 41 83 eb 10 45 03 c3 66 90 0f
0x000001bcc0f5116d:   be 02 33 c1 81 e0 ff 00 00 00 c1 e9 08 41 33 0c
0x000001bcc0f5117d:   81 48 ff c2 41 ff c3 7c e6 45 8b d8 41 c1 e8 04
0x000001bcc0f5118d:   0f 84 fc 01 00 00 c5 f9 6f 0a c5 f9 7e c8 33 c8
0x000001bcc0f5119d:   c4 e3 71 22 c9 00 48 83 c2 10 41 83 e8 04 0f 8c
0x000001bcc0f511ad:   d7 00 00 00 c5 f9 6f 12 c5 f9 6f 5a 10 c5 f9 6f
0x000001bcc0f511bd:   62 20 48 83 c2 30 41 83 e8 03 0f 8e 70 00 00 00
0x000001bcc0f511cd:   49 ba 20 05 19 02 ff 7f 00 00 c4 c1 7a 6f 02 0f
0x000001bcc0f511dd:   1f 40 00 c4 e3 79 44 e9 11 c4 e3 79 44 c9 00 c5
0x000001bcc0f511ed:   f1 ef 0a c5 f1 ef cd c4 e3 79 44 ea 11 c4 e3 79
0x000001bcc0f511fd:   44 d2 00 c5 e9 ef 52 10 c5 e9 ef d5 c4 e3 79 44
0x000001bcc0f5120d:   eb 11 c4 e3 79 44 db 00 c5 e1 ef 5a 20 c5 e1 ef
0x000001bcc0f5121d:   dd c4 e3 79 44 ec 11 c4 e3 79 44 e4 00 c5 d9 ef 


Stack slot to memory mapping:
stack at sp + 0 slots: 0x00000000000003d8 is an unknown value
stack at sp + 1 slots: 0x00007fff01d35376 jvm.dll
stack at sp + 2 slots: 0x00007fffe0a8f550 ucrtbase.dll
stack at sp + 3 slots: 0x00007fffe0a8f550 ucrtbase.dll
stack at sp + 4 slots: 0x00000042d36ff460 is pointing into the stack for thread: 0x000001bcb87d4000
stack at sp + 5 slots: 0x00000042d36ff3f0 is pointing into the stack for thread: 0x000001bcb87d4000
stack at sp + 6 slots: 0x000001bcb87d4850 points into unknown readable memory: 0x000001bce81444b0 | b0 44 14 e8 bc 01 00 00
stack at sp + 7 slots: 0x00007fff017b232c jvm.dll

StubRoutines::get_previous_fp [0x000001bcc0f51125, 0x000001bcc0f51132[ (13 bytes)
---------------  P R O C E S S  ---------------

Threads class SMR info:
_java_thread_list=0x000001bce82adf40, length=15, elements={
0x000001bcb87d4000, 0x000001bce6c8f800, 0x000001bce6c90800, 0x000001bce6d14800,
0x000001bce6d15800, 0x000001bce6d19000, 0x000001bce6d1c000, 0x000001bce6d1d800,
0x000001bce6d1e800, 0x000001bce6e95000, 0x000001bce6ebe000, 0x000001bce6ec0800,
0x000001bce6ec1800, 0x000001bce6ecc800, 0x000001bce8aeb000
}

Java Threads: ( => current thread )
=>0x000001bcb87d4000 JavaThread "main" [_thread_in_vm, id=36856, stack(0x00000042d3600000,0x00000042d3700000)]
  0x000001bce6c8f800 JavaThread "Reference Handler" daemon [_thread_blocked, id=33728, stack(0x00000042d3d00000,0x00000042d3e00000)]
  0x000001bce6c90800 JavaThread "Finalizer" daemon [_thread_blocked, id=32928, stack(0x00000042d3e00000,0x00000042d3f00000)]
  0x000001bce6d14800 JavaThread "Signal Dispatcher" daemon [_thread_blocked, id=36668, stack(0x00000042d3f00000,0x00000042d4000000)]
  0x000001bce6d15800 JavaThread "Attach Listener" daemon [_thread_blocked, id=2076, stack(0x00000042d4000000,0x00000042d4100000)]
  0x000001bce6d19000 JavaThread "Service Thread" daemon [_thread_blocked, id=11240, stack(0x00000042d4100000,0x00000042d4200000)]
  0x000001bce6d1c000 JavaThread "C2 CompilerThread0" daemon [_thread_blocked, id=1240, stack(0x00000042d4200000,0x00000042d4300000)]
  0x000001bce6d1d800 JavaThread "C1 CompilerThread0" daemon [_thread_blocked, id=6508, stack(0x00000042d4300000,0x00000042d4400000)]
  0x000001bce6d1e800 JavaThread "Sweeper thread" daemon [_thread_blocked, id=6868, stack(0x00000042d4400000,0x00000042d4500000)]
  0x000001bce6e95000 JavaThread "Common-Cleaner" daemon [_thread_blocked, id=31600, stack(0x00000042d4500000,0x00000042d4600000)]
  0x000001bce6ebe000 JavaThread "C1 CompilerThread1" daemon [_thread_blocked, id=24824, stack(0x00000042d4600000,0x00000042d4700000)]
  0x000001bce6ec0800 JavaThread "C1 CompilerThread2" daemon [_thread_blocked, id=19612, stack(0x00000042d4700000,0x00000042d4800000)]
  0x000001bce6ec1800 JavaThread "C1 CompilerThread3" daemon [_thread_blocked, id=20484, stack(0x00000042d4800000,0x00000042d4900000)]
  0x000001bce6ecc800 JavaThread "C2 CompilerThread1" daemon [_thread_blocked, id=3980, stack(0x00000042d4900000,0x00000042d4a00000)]
  0x000001bce8aeb000 JavaThread "C2 CompilerThread2" daemon [_thread_blocked, id=33828, stack(0x00000042d4a00000,0x00000042d4b00000)]

Other Threads:
  0x000001bce6c8d800 VMThread "VM Thread" [stack: 0x00000042d3c00000,0x00000042d3d00000] [id=3436]
  0x000001bcb87ee800 GCTaskThread "GC Thread#0" [stack: 0x00000042d3700000,0x00000042d3800000] [id=25020]
  0x000001bce7f25000 GCTaskThread "GC Thread#1" [stack: 0x00000042d4b00000,0x00000042d4c00000] [id=34920]
  0x000001bce7981000 GCTaskThread "GC Thread#2" [stack: 0x00000042d4c00000,0x00000042d4d00000] [id=31912]
  0x000001bce80a2000 GCTaskThread "GC Thread#3" [stack: 0x00000042d4d00000,0x00000042d4e00000] [id=31392]
  0x000001bce7e7c000 GCTaskThread "GC Thread#4" [stack: 0x00000042d4e00000,0x00000042d4f00000] [id=35848]
  0x000001bce82c1000 GCTaskThread "GC Thread#5" [stack: 0x00000042d4f00000,0x00000042d5000000] [id=28064]
  0x000001bce82c1800 GCTaskThread "GC Thread#6" [stack: 0x00000042d5000000,0x00000042d5100000] [id=6224]
  0x000001bce7f87000 GCTaskThread "GC Thread#7" [stack: 0x00000042d5100000,0x00000042d5200000] [id=23040]
  0x000001bce7f88000 GCTaskThread "GC Thread#8" [stack: 0x00000042d5200000,0x00000042d5300000] [id=20660]
  0x000001bce80d3000 GCTaskThread "GC Thread#9" [stack: 0x00000042d5300000,0x00000042d5400000] [id=25520]
  0x000001bce80d3800 GCTaskThread "GC Thread#10" [stack: 0x00000042d5400000,0x00000042d5500000] [id=19656]
  0x000001bce83a6000 GCTaskThread "GC Thread#11" [stack: 0x00000042d5500000,0x00000042d5600000] [id=28060]
  0x000001bcb886e800 ConcurrentGCThread "G1 Main Marker" [stack: 0x00000042d3800000,0x00000042d3900000] [id=35436]
  0x000001bcb8870000 ConcurrentGCThread "G1 Conc#0" [stack: 0x00000042d3900000,0x00000042d3a00000] [id=33548]
  0x000001bce6154000 ConcurrentGCThread "G1 Refine#0" [stack: 0x00000042d3a00000,0x00000042d3b00000] [id=38000]
  0x000001bce6155000 ConcurrentGCThread "G1 Young RemSet Sampling" [stack: 0x00000042d3b00000,0x00000042d3c00000] [id=24076]

Threads with active compile tasks:

VM state:not at safepoint (normal execution)

VM Mutex/Monitor currently owned by a thread: None

Heap address: 0x0000000605200000, size: 8110 MB, Compressed Oops mode: Zero based, Oop shift amount: 3
Narrow klass base: 0x0000000800000000, Narrow klass shift: 0
Compressed class space size: 1073741824 Address: 0x0000000800000000

Heap:
 garbage-first heap   total 520192K, used 35984K [0x0000000605200000, 0x0000000800000000)
  region size 2048K, 18 young (36864K), 2 survivors (4096K)
 Metaspace       used 13394K, capacity 13547K, committed 13824K, reserved 1060864K
  class space    used 1705K, capacity 1763K, committed 1792K, reserved 1048576K
Heap Regions: E=young(eden), S=young(survivor), O=old, HS=humongous(starts), HC=humongous(continues), CS=collection set, F=free, A=archive, TAMS=top-at-mark-start (previous, next)
|   0|0x0000000605200000, 0x0000000605324000, 0x0000000605400000| 57%| O|  |TAMS 0x0000000605200000, 0x0000000605200000| Untracked 
|   1|0x0000000605400000, 0x0000000605400000, 0x0000000605600000|  0%| F|  |TAMS 0x0000000605400000, 0x0000000605400000| Untracked 
|   2|0x0000000605600000, 0x0000000605600000, 0x0000000605800000|  0%| F|  |TAMS 0x0000000605600000, 0x0000000605600000| Untracked 
|   3|0x0000000605800000, 0x0000000605800000, 0x0000000605a00000|  0%| F|  |TAMS 0x0000000605800000, 0x0000000605800000| Untracked 
|   4|0x0000000605a00000, 0x0000000605a00000, 0x0000000605c00000|  0%| F|  |TAMS 0x0000000605a00000, 0x0000000605a00000| Untracked 
|   5|0x0000000605c00000, 0x0000000605c00000, 0x0000000605e00000|  0%| F|  |TAMS 0x0000000605c00000, 0x0000000605c00000| Untracked 
|   6|0x0000000605e00000, 0x0000000605e00000, 0x0000000606000000|  0%| F|  |TAMS 0x0000000605e00000, 0x0000000605e00000| Untracked 
|   7|0x0000000606000000, 0x0000000606000000, 0x0000000606200000|  0%| F|  |TAMS 0x0000000606000000, 0x0000000606000000| Untracked 
|   8|0x0000000606200000, 0x0000000606200000, 0x0000000606400000|  0%| F|  |TAMS 0x0000000606200000, 0x0000000606200000| Untracked 
|   9|0x0000000606400000, 0x0000000606400000, 0x0000000606600000|  0%| F|  |TAMS 0x0000000606400000, 0x0000000606400000| Untracked 
|  10|0x0000000606600000, 0x0000000606600000, 0x0000000606800000|  0%| F|  |TAMS 0x0000000606600000, 0x0000000606600000| Untracked 
|  11|0x0000000606800000, 0x0000000606800000, 0x0000000606a00000|  0%| F|  |TAMS 0x0000000606800000, 0x0000000606800000| Untracked 
|  12|0x0000000606a00000, 0x0000000606a00000, 0x0000000606c00000|  0%| F|  |TAMS 0x0000000606a00000, 0x0000000606a00000| Untracked 
|  13|0x0000000606c00000, 0x0000000606c00000, 0x0000000606e00000|  0%| F|  |TAMS 0x0000000606c00000, 0x0000000606c00000| Untracked 
|  14|0x0000000606e00000, 0x0000000606e00000, 0x0000000607000000|  0%| F|  |TAMS 0x0000000606e00000, 0x0000000606e00000| Untracked 
|  15|0x0000000607000000, 0x0000000607000000, 0x0000000607200000|  0%| F|  |TAMS 0x0000000607000000, 0x0000000607000000| Untracked 
|  16|0x0000000607200000, 0x0000000607200000, 0x0000000607400000|  0%| F|  |TAMS 0x0000000607200000, 0x0000000607200000| Untracked 
|  17|0x0000000607400000, 0x0000000607400000, 0x0000000607600000|  0%| F|  |TAMS 0x0000000607400000, 0x0000000607400000| Untracked 
|  18|0x0000000607600000, 0x0000000607600000, 0x0000000607800000|  0%| F|  |TAMS 0x0000000607600000, 0x0000000607600000| Untracked 
|  19|0x0000000607800000, 0x0000000607800000, 0x0000000607a00000|  0%| F|  |TAMS 0x0000000607800000, 0x0000000607800000| Untracked 
|  20|0x0000000607a00000, 0x0000000607a00000, 0x0000000607c00000|  0%| F|  |TAMS 0x0000000607a00000, 0x0000000607a00000| Untracked 
|  21|0x0000000607c00000, 0x0000000607c00000, 0x0000000607e00000|  0%| F|  |TAMS 0x0000000607c00000, 0x0000000607c00000| Untracked 
|  22|0x0000000607e00000, 0x0000000607e00000, 0x0000000608000000|  0%| F|  |TAMS 0x0000000607e00000, 0x0000000607e00000| Untracked 
|  23|0x0000000608000000, 0x0000000608000000, 0x0000000608200000|  0%| F|  |TAMS 0x0000000608000000, 0x0000000608000000| Untracked 
|  24|0x0000000608200000, 0x0000000608200000, 0x0000000608400000|  0%| F|  |TAMS 0x0000000608200000, 0x0000000608200000| Untracked 
|  25|0x0000000608400000, 0x0000000608400000, 0x0000000608600000|  0%| F|  |TAMS 0x0000000608400000, 0x0000000608400000| Untracked 
|  26|0x0000000608600000, 0x0000000608600000, 0x0000000608800000|  0%| F|  |TAMS 0x0000000608600000, 0x0000000608600000| Untracked 
|  27|0x0000000608800000, 0x0000000608800000, 0x0000000608a00000|  0%| F|  |TAMS 0x0000000608800000, 0x0000000608800000| Untracked 
|  28|0x0000000608a00000, 0x0000000608a00000, 0x0000000608c00000|  0%| F|  |TAMS 0x0000000608a00000, 0x0000000608a00000| Untracked 
|  29|0x0000000608c00000, 0x0000000608c00000, 0x0000000608e00000|  0%| F|  |TAMS 0x0000000608c00000, 0x0000000608c00000| Untracked 
|  30|0x0000000608e00000, 0x0000000608e00000, 0x0000000609000000|  0%| F|  |TAMS 0x0000000608e00000, 0x0000000608e00000| Untracked 
|  31|0x0000000609000000, 0x0000000609000000, 0x0000000609200000|  0%| F|  |TAMS 0x0000000609000000, 0x0000000609000000| Untracked 
|  32|0x0000000609200000, 0x0000000609200000, 0x0000000609400000|  0%| F|  |TAMS 0x0000000609200000, 0x0000000609200000| Untracked 
|  33|0x0000000609400000, 0x0000000609400000, 0x0000000609600000|  0%| F|  |TAMS 0x0000000609400000, 0x0000000609400000| Untracked 
|  34|0x0000000609600000, 0x0000000609600000, 0x0000000609800000|  0%| F|  |TAMS 0x0000000609600000, 0x0000000609600000| Untracked 
|  35|0x0000000609800000, 0x0000000609800000, 0x0000000609a00000|  0%| F|  |TAMS 0x0000000609800000, 0x0000000609800000| Untracked 
|  36|0x0000000609a00000, 0x0000000609a00000, 0x0000000609c00000|  0%| F|  |TAMS 0x0000000609a00000, 0x0000000609a00000| Untracked 
|  37|0x0000000609c00000, 0x0000000609c00000, 0x0000000609e00000|  0%| F|  |TAMS 0x0000000609c00000, 0x0000000609c00000| Untracked 
|  38|0x0000000609e00000, 0x0000000609e00000, 0x000000060a000000|  0%| F|  |TAMS 0x0000000609e00000, 0x0000000609e00000| Untracked 
|  39|0x000000060a000000, 0x000000060a000000, 0x000000060a200000|  0%| F|  |TAMS 0x000000060a000000, 0x000000060a000000| Untracked 
|  40|0x000000060a200000, 0x000000060a200000, 0x000000060a400000|  0%| F|  |TAMS 0x000000060a200000, 0x000000060a200000| Untracked 
|  41|0x000000060a400000, 0x000000060a400000, 0x000000060a600000|  0%| F|  |TAMS 0x000000060a400000, 0x000000060a400000| Untracked 
|  42|0x000000060a600000, 0x000000060a600000, 0x000000060a800000|  0%| F|  |TAMS 0x000000060a600000, 0x000000060a600000| Untracked 
|  43|0x000000060a800000, 0x000000060a800000, 0x000000060aa00000|  0%| F|  |TAMS 0x000000060a800000, 0x000000060a800000| Untracked 
|  44|0x000000060aa00000, 0x000000060aa00000, 0x000000060ac00000|  0%| F|  |TAMS 0x000000060aa00000, 0x000000060aa00000| Untracked 
|  45|0x000000060ac00000, 0x000000060ac00000, 0x000000060ae00000|  0%| F|  |TAMS 0x000000060ac00000, 0x000000060ac00000| Untracked 
|  46|0x000000060ae00000, 0x000000060ae00000, 0x000000060b000000|  0%| F|  |TAMS 0x000000060ae00000, 0x000000060ae00000| Untracked 
|  47|0x000000060b000000, 0x000000060b000000, 0x000000060b200000|  0%| F|  |TAMS 0x000000060b000000, 0x000000060b000000| Untracked 
|  48|0x000000060b200000, 0x000000060b200000, 0x000000060b400000|  0%| F|  |TAMS 0x000000060b200000, 0x000000060b200000| Untracked 
|  49|0x000000060b400000, 0x000000060b400000, 0x000000060b600000|  0%| F|  |TAMS 0x000000060b400000, 0x000000060b400000| Untracked 
|  50|0x000000060b600000, 0x000000060b600000, 0x000000060b800000|  0%| F|  |TAMS 0x000000060b600000, 0x000000060b600000| Untracked 
|  51|0x000000060b800000, 0x000000060b800000, 0x000000060ba00000|  0%| F|  |TAMS 0x000000060b800000, 0x000000060b800000| Untracked 
|  52|0x000000060ba00000, 0x000000060ba00000, 0x000000060bc00000|  0%| F|  |TAMS 0x000000060ba00000, 0x000000060ba00000| Untracked 
|  53|0x000000060bc00000, 0x000000060bc00000, 0x000000060be00000|  0%| F|  |TAMS 0x000000060bc00000, 0x000000060bc00000| Untracked 
|  54|0x000000060be00000, 0x000000060be00000, 0x000000060c000000|  0%| F|  |TAMS 0x000000060be00000, 0x000000060be00000| Untracked 
|  55|0x000000060c000000, 0x000000060c000000, 0x000000060c200000|  0%| F|  |TAMS 0x000000060c000000, 0x000000060c000000| Untracked 
|  56|0x000000060c200000, 0x000000060c200000, 0x000000060c400000|  0%| F|  |TAMS 0x000000060c200000, 0x000000060c200000| Untracked 
|  57|0x000000060c400000, 0x000000060c400000, 0x000000060c600000|  0%| F|  |TAMS 0x000000060c400000, 0x000000060c400000| Untracked 
|  58|0x000000060c600000, 0x000000060c600000, 0x000000060c800000|  0%| F|  |TAMS 0x000000060c600000, 0x000000060c600000| Untracked 
|  59|0x000000060c800000, 0x000000060c800000, 0x000000060ca00000|  0%| F|  |TAMS 0x000000060c800000, 0x000000060c800000| Untracked 
|  60|0x000000060ca00000, 0x000000060ca00000, 0x000000060cc00000|  0%| F|  |TAMS 0x000000060ca00000, 0x000000060ca00000| Untracked 
|  61|0x000000060cc00000, 0x000000060cc00000, 0x000000060ce00000|  0%| F|  |TAMS 0x000000060cc00000, 0x000000060cc00000| Untracked 
|  62|0x000000060ce00000, 0x000000060ce00000, 0x000000060d000000|  0%| F|  |TAMS 0x000000060ce00000, 0x000000060ce00000| Untracked 
|  63|0x000000060d000000, 0x000000060d000000, 0x000000060d200000|  0%| F|  |TAMS 0x000000060d000000, 0x000000060d000000| Untracked 
|  64|0x000000060d200000, 0x000000060d200000, 0x000000060d400000|  0%| F|  |TAMS 0x000000060d200000, 0x000000060d200000| Untracked 
|  65|0x000000060d400000, 0x000000060d400000, 0x000000060d600000|  0%| F|  |TAMS 0x000000060d400000, 0x000000060d400000| Untracked 
|  66|0x000000060d600000, 0x000000060d600000, 0x000000060d800000|  0%| F|  |TAMS 0x000000060d600000, 0x000000060d600000| Untracked 
|  67|0x000000060d800000, 0x000000060d800000, 0x000000060da00000|  0%| F|  |TAMS 0x000000060d800000, 0x000000060d800000| Untracked 
|  68|0x000000060da00000, 0x000000060da00000, 0x000000060dc00000|  0%| F|  |TAMS 0x000000060da00000, 0x000000060da00000| Untracked 
|  69|0x000000060dc00000, 0x000000060dc00000, 0x000000060de00000|  0%| F|  |TAMS 0x000000060dc00000, 0x000000060dc00000| Untracked 
|  70|0x000000060de00000, 0x000000060de00000, 0x000000060e000000|  0%| F|  |TAMS 0x000000060de00000, 0x000000060de00000| Untracked 
|  71|0x000000060e000000, 0x000000060e000000, 0x000000060e200000|  0%| F|  |TAMS 0x000000060e000000, 0x000000060e000000| Untracked 
|  72|0x000000060e200000, 0x000000060e200000, 0x000000060e400000|  0%| F|  |TAMS 0x000000060e200000, 0x000000060e200000| Untracked 
|  73|0x000000060e400000, 0x000000060e400000, 0x000000060e600000|  0%| F|  |TAMS 0x000000060e400000, 0x000000060e400000| Untracked 
|  74|0x000000060e600000, 0x000000060e600000, 0x000000060e800000|  0%| F|  |TAMS 0x000000060e600000, 0x000000060e600000| Untracked 
|  75|0x000000060e800000, 0x000000060e800000, 0x000000060ea00000|  0%| F|  |TAMS 0x000000060e800000, 0x000000060e800000| Untracked 
|  76|0x000000060ea00000, 0x000000060ea00000, 0x000000060ec00000|  0%| F|  |TAMS 0x000000060ea00000, 0x000000060ea00000| Untracked 
|  77|0x000000060ec00000, 0x000000060ec00000, 0x000000060ee00000|  0%| F|  |TAMS 0x000000060ec00000, 0x000000060ec00000| Untracked 
|  78|0x000000060ee00000, 0x000000060ee00000, 0x000000060f000000|  0%| F|  |TAMS 0x000000060ee00000, 0x000000060ee00000| Untracked 
|  79|0x000000060f000000, 0x000000060f000000, 0x000000060f200000|  0%| F|  |TAMS 0x000000060f000000, 0x000000060f000000| Untracked 
|  80|0x000000060f200000, 0x000000060f200000, 0x000000060f400000|  0%| F|  |TAMS 0x000000060f200000, 0x000000060f200000| Untracked 
|  81|0x000000060f400000, 0x000000060f400000, 0x000000060f600000|  0%| F|  |TAMS 0x000000060f400000, 0x000000060f400000| Untracked 
|  82|0x000000060f600000, 0x000000060f600000, 0x000000060f800000|  0%| F|  |TAMS 0x000000060f600000, 0x000000060f600000| Untracked 
|  83|0x000000060f800000, 0x000000060f800000, 0x000000060fa00000|  0%| F|  |TAMS 0x000000060f800000, 0x000000060f800000| Untracked 
|  84|0x000000060fa00000, 0x000000060fa00000, 0x000000060fc00000|  0%| F|  |TAMS 0x000000060fa00000, 0x000000060fa00000| Untracked 
|  85|0x000000060fc00000, 0x000000060fc00000, 0x000000060fe00000|  0%| F|  |TAMS 0x000000060fc00000, 0x000000060fc00000| Untracked 
|  86|0x000000060fe00000, 0x000000060fe00000, 0x0000000610000000|  0%| F|  |TAMS 0x000000060fe00000, 0x000000060fe00000| Untracked 
|  87|0x0000000610000000, 0x0000000610000000, 0x0000000610200000|  0%| F|  |TAMS 0x0000000610000000, 0x0000000610000000| Untracked 
|  88|0x0000000610200000, 0x0000000610200000, 0x0000000610400000|  0%| F|  |TAMS 0x0000000610200000, 0x0000000610200000| Untracked 
|  89|0x0000000610400000, 0x0000000610400000, 0x0000000610600000|  0%| F|  |TAMS 0x0000000610400000, 0x0000000610400000| Untracked 
|  90|0x0000000610600000, 0x0000000610600000, 0x0000000610800000|  0%| F|  |TAMS 0x0000000610600000, 0x0000000610600000| Untracked 
|  91|0x0000000610800000, 0x0000000610800000, 0x0000000610a00000|  0%| F|  |TAMS 0x0000000610800000, 0x0000000610800000| Untracked 
|  92|0x0000000610a00000, 0x0000000610a00000, 0x0000000610c00000|  0%| F|  |TAMS 0x0000000610a00000, 0x0000000610a00000| Untracked 
|  93|0x0000000610c00000, 0x0000000610c00000, 0x0000000610e00000|  0%| F|  |TAMS 0x0000000610c00000, 0x0000000610c00000| Untracked 
|  94|0x0000000610e00000, 0x0000000610e00000, 0x0000000611000000|  0%| F|  |TAMS 0x0000000610e00000, 0x0000000610e00000| Untracked 
|  95|0x0000000611000000, 0x0000000611000000, 0x0000000611200000|  0%| F|  |TAMS 0x0000000611000000, 0x0000000611000000| Untracked 
|  96|0x0000000611200000, 0x0000000611200000, 0x0000000611400000|  0%| F|  |TAMS 0x0000000611200000, 0x0000000611200000| Untracked 
|  97|0x0000000611400000, 0x0000000611400000, 0x0000000611600000|  0%| F|  |TAMS 0x0000000611400000, 0x0000000611400000| Untracked 
|  98|0x0000000611600000, 0x0000000611600000, 0x0000000611800000|  0%| F|  |TAMS 0x0000000611600000, 0x0000000611600000| Untracked 
|  99|0x0000000611800000, 0x0000000611800000, 0x0000000611a00000|  0%| F|  |TAMS 0x0000000611800000, 0x0000000611800000| Untracked 
| 100|0x0000000611a00000, 0x0000000611a00000, 0x0000000611c00000|  0%| F|  |TAMS 0x0000000611a00000, 0x0000000611a00000| Untracked 
| 101|0x0000000611c00000, 0x0000000611c00000, 0x0000000611e00000|  0%| F|  |TAMS 0x0000000611c00000, 0x0000000611c00000| Untracked 
| 102|0x0000000611e00000, 0x0000000611e00000, 0x0000000612000000|  0%| F|  |TAMS 0x0000000611e00000, 0x0000000611e00000| Untracked 
| 103|0x0000000612000000, 0x0000000612000000, 0x0000000612200000|  0%| F|  |TAMS 0x0000000612000000, 0x0000000612000000| Untracked 
| 104|0x0000000612200000, 0x0000000612200000, 0x0000000612400000|  0%| F|  |TAMS 0x0000000612200000, 0x0000000612200000| Untracked 
| 105|0x0000000612400000, 0x0000000612400000, 0x0000000612600000|  0%| F|  |TAMS 0x0000000612400000, 0x0000000612400000| Untracked 
| 106|0x0000000612600000, 0x0000000612600000, 0x0000000612800000|  0%| F|  |TAMS 0x0000000612600000, 0x0000000612600000| Untracked 
| 107|0x0000000612800000, 0x0000000612800000, 0x0000000612a00000|  0%| F|  |TAMS 0x0000000612800000, 0x0000000612800000| Untracked 
| 108|0x0000000612a00000, 0x0000000612a00000, 0x0000000612c00000|  0%| F|  |TAMS 0x0000000612a00000, 0x0000000612a00000| Untracked 
| 109|0x0000000612c00000, 0x0000000612c00000, 0x0000000612e00000|  0%| F|  |TAMS 0x0000000612c00000, 0x0000000612c00000| Untracked 
| 110|0x0000000612e00000, 0x0000000612e00000, 0x0000000613000000|  0%| F|  |TAMS 0x0000000612e00000, 0x0000000612e00000| Untracked 
| 111|0x0000000613000000, 0x0000000613000000, 0x0000000613200000|  0%| F|  |TAMS 0x0000000613000000, 0x0000000613000000| Untracked 
| 112|0x0000000613200000, 0x0000000613200000, 0x0000000613400000|  0%| F|  |TAMS 0x0000000613200000, 0x0000000613200000| Untracked 
| 113|0x0000000613400000, 0x0000000613400000, 0x0000000613600000|  0%| F|  |TAMS 0x0000000613400000, 0x0000000613400000| Untracked 
| 114|0x0000000613600000, 0x0000000613600000, 0x0000000613800000|  0%| F|  |TAMS 0x0000000613600000, 0x0000000613600000| Untracked 
| 115|0x0000000613800000, 0x0000000613800000, 0x0000000613a00000|  0%| F|  |TAMS 0x0000000613800000, 0x0000000613800000| Untracked 
| 116|0x0000000613a00000, 0x0000000613a00000, 0x0000000613c00000|  0%| F|  |TAMS 0x0000000613a00000, 0x0000000613a00000| Untracked 
| 117|0x0000000613c00000, 0x0000000613c00000, 0x0000000613e00000|  0%| F|  |TAMS 0x0000000613c00000, 0x0000000613c00000| Untracked 
| 118|0x0000000613e00000, 0x0000000613e00000, 0x0000000614000000|  0%| F|  |TAMS 0x0000000613e00000, 0x0000000613e00000| Untracked 
| 119|0x0000000614000000, 0x0000000614000000, 0x0000000614200000|  0%| F|  |TAMS 0x0000000614000000, 0x0000000614000000| Untracked 
| 120|0x0000000614200000, 0x0000000614200000, 0x0000000614400000|  0%| F|  |TAMS 0x0000000614200000, 0x0000000614200000| Untracked 
| 121|0x0000000614400000, 0x0000000614400000, 0x0000000614600000|  0%| F|  |TAMS 0x0000000614400000, 0x0000000614400000| Untracked 
| 122|0x0000000614600000, 0x0000000614600000, 0x0000000614800000|  0%| F|  |TAMS 0x0000000614600000, 0x0000000614600000| Untracked 
| 123|0x0000000614800000, 0x0000000614800000, 0x0000000614a00000|  0%| F|  |TAMS 0x0000000614800000, 0x0000000614800000| Untracked 
| 124|0x0000000614a00000, 0x0000000614a00000, 0x0000000614c00000|  0%| F|  |TAMS 0x0000000614a00000, 0x0000000614a00000| Untracked 
| 125|0x0000000614c00000, 0x0000000614c00000, 0x0000000614e00000|  0%| F|  |TAMS 0x0000000614c00000, 0x0000000614c00000| Untracked 
| 126|0x0000000614e00000, 0x0000000614e00000, 0x0000000615000000|  0%| F|  |TAMS 0x0000000614e00000, 0x0000000614e00000| Untracked 
| 127|0x0000000615000000, 0x0000000615000000, 0x0000000615200000|  0%| F|  |TAMS 0x0000000615000000, 0x0000000615000000| Untracked 
| 128|0x0000000615200000, 0x0000000615200000, 0x0000000615400000|  0%| F|  |TAMS 0x0000000615200000, 0x0000000615200000| Untracked 
| 129|0x0000000615400000, 0x0000000615400000, 0x0000000615600000|  0%| F|  |TAMS 0x0000000615400000, 0x0000000615400000| Untracked 
| 130|0x0000000615600000, 0x0000000615600000, 0x0000000615800000|  0%| F|  |TAMS 0x0000000615600000, 0x0000000615600000| Untracked 
| 131|0x0000000615800000, 0x0000000615800000, 0x0000000615a00000|  0%| F|  |TAMS 0x0000000615800000, 0x0000000615800000| Untracked 
| 132|0x0000000615a00000, 0x0000000615a00000, 0x0000000615c00000|  0%| F|  |TAMS 0x0000000615a00000, 0x0000000615a00000| Untracked 
| 133|0x0000000615c00000, 0x0000000615c00000, 0x0000000615e00000|  0%| F|  |TAMS 0x0000000615c00000, 0x0000000615c00000| Untracked 
| 134|0x0000000615e00000, 0x0000000615e00000, 0x0000000616000000|  0%| F|  |TAMS 0x0000000615e00000, 0x0000000615e00000| Untracked 
| 135|0x0000000616000000, 0x0000000616000000, 0x0000000616200000|  0%| F|  |TAMS 0x0000000616000000, 0x0000000616000000| Untracked 
| 136|0x0000000616200000, 0x0000000616200000, 0x0000000616400000|  0%| F|  |TAMS 0x0000000616200000, 0x0000000616200000| Untracked 
| 137|0x0000000616400000, 0x0000000616400000, 0x0000000616600000|  0%| F|  |TAMS 0x0000000616400000, 0x0000000616400000| Untracked 
| 138|0x0000000616600000, 0x0000000616600000, 0x0000000616800000|  0%| F|  |TAMS 0x0000000616600000, 0x0000000616600000| Untracked 
| 139|0x0000000616800000, 0x0000000616800000, 0x0000000616a00000|  0%| F|  |TAMS 0x0000000616800000, 0x0000000616800000| Untracked 
| 140|0x0000000616a00000, 0x0000000616a00000, 0x0000000616c00000|  0%| F|  |TAMS 0x0000000616a00000, 0x0000000616a00000| Untracked 
| 141|0x0000000616c00000, 0x0000000616c00000, 0x0000000616e00000|  0%| F|  |TAMS 0x0000000616c00000, 0x0000000616c00000| Untracked 
| 142|0x0000000616e00000, 0x0000000616e00000, 0x0000000617000000|  0%| F|  |TAMS 0x0000000616e00000, 0x0000000616e00000| Untracked 
| 143|0x0000000617000000, 0x0000000617000000, 0x0000000617200000|  0%| F|  |TAMS 0x0000000617000000, 0x0000000617000000| Untracked 
| 144|0x0000000617200000, 0x0000000617200000, 0x0000000617400000|  0%| F|  |TAMS 0x0000000617200000, 0x0000000617200000| Untracked 
| 145|0x0000000617400000, 0x0000000617400000, 0x0000000617600000|  0%| F|  |TAMS 0x0000000617400000, 0x0000000617400000| Untracked 
| 146|0x0000000617600000, 0x0000000617600000, 0x0000000617800000|  0%| F|  |TAMS 0x0000000617600000, 0x0000000617600000| Untracked 
| 147|0x0000000617800000, 0x0000000617800000, 0x0000000617a00000|  0%| F|  |TAMS 0x0000000617800000, 0x0000000617800000| Untracked 
| 148|0x0000000617a00000, 0x0000000617a00000, 0x0000000617c00000|  0%| F|  |TAMS 0x0000000617a00000, 0x0000000617a00000| Untracked 
| 149|0x0000000617c00000, 0x0000000617c00000, 0x0000000617e00000|  0%| F|  |TAMS 0x0000000617c00000, 0x0000000617c00000| Untracked 
| 150|0x0000000617e00000, 0x0000000617e00000, 0x0000000618000000|  0%| F|  |TAMS 0x0000000617e00000, 0x0000000617e00000| Untracked 
| 151|0x0000000618000000, 0x0000000618000000, 0x0000000618200000|  0%| F|  |TAMS 0x0000000618000000, 0x0000000618000000| Untracked 
| 152|0x0000000618200000, 0x0000000618200000, 0x0000000618400000|  0%| F|  |TAMS 0x0000000618200000, 0x0000000618200000| Untracked 
| 153|0x0000000618400000, 0x0000000618400000, 0x0000000618600000|  0%| F|  |TAMS 0x0000000618400000, 0x0000000618400000| Untracked 
| 154|0x0000000618600000, 0x0000000618600000, 0x0000000618800000|  0%| F|  |TAMS 0x0000000618600000, 0x0000000618600000| Untracked 
| 155|0x0000000618800000, 0x0000000618800000, 0x0000000618a00000|  0%| F|  |TAMS 0x0000000618800000, 0x0000000618800000| Untracked 
| 156|0x0000000618a00000, 0x0000000618a00000, 0x0000000618c00000|  0%| F|  |TAMS 0x0000000618a00000, 0x0000000618a00000| Untracked 
| 157|0x0000000618c00000, 0x0000000618c00000, 0x0000000618e00000|  0%| F|  |TAMS 0x0000000618c00000, 0x0000000618c00000| Untracked 
| 158|0x0000000618e00000, 0x0000000618e00000, 0x0000000619000000|  0%| F|  |TAMS 0x0000000618e00000, 0x0000000618e00000| Untracked 
| 159|0x0000000619000000, 0x0000000619000000, 0x0000000619200000|  0%| F|  |TAMS 0x0000000619000000, 0x0000000619000000| Untracked 
| 160|0x0000000619200000, 0x0000000619200000, 0x0000000619400000|  0%| F|  |TAMS 0x0000000619200000, 0x0000000619200000| Untracked 
| 161|0x0000000619400000, 0x0000000619400000, 0x0000000619600000|  0%| F|  |TAMS 0x0000000619400000, 0x0000000619400000| Untracked 
| 162|0x0000000619600000, 0x0000000619600000, 0x0000000619800000|  0%| F|  |TAMS 0x0000000619600000, 0x0000000619600000| Untracked 
| 163|0x0000000619800000, 0x0000000619800000, 0x0000000619a00000|  0%| F|  |TAMS 0x0000000619800000, 0x0000000619800000| Untracked 
| 164|0x0000000619a00000, 0x0000000619a00000, 0x0000000619c00000|  0%| F|  |TAMS 0x0000000619a00000, 0x0000000619a00000| Untracked 
| 165|0x0000000619c00000, 0x0000000619c00000, 0x0000000619e00000|  0%| F|  |TAMS 0x0000000619c00000, 0x0000000619c00000| Untracked 
| 166|0x0000000619e00000, 0x0000000619e00000, 0x000000061a000000|  0%| F|  |TAMS 0x0000000619e00000, 0x0000000619e00000| Untracked 
| 167|0x000000061a000000, 0x000000061a000000, 0x000000061a200000|  0%| F|  |TAMS 0x000000061a000000, 0x000000061a000000| Untracked 
| 168|0x000000061a200000, 0x000000061a200000, 0x000000061a400000|  0%| F|  |TAMS 0x000000061a200000, 0x000000061a200000| Untracked 
| 169|0x000000061a400000, 0x000000061a400000, 0x000000061a600000|  0%| F|  |TAMS 0x000000061a400000, 0x000000061a400000| Untracked 
| 170|0x000000061a600000, 0x000000061a600000, 0x000000061a800000|  0%| F|  |TAMS 0x000000061a600000, 0x000000061a600000| Untracked 
| 171|0x000000061a800000, 0x000000061a800000, 0x000000061aa00000|  0%| F|  |TAMS 0x000000061a800000, 0x000000061a800000| Untracked 
| 172|0x000000061aa00000, 0x000000061aa00000, 0x000000061ac00000|  0%| F|  |TAMS 0x000000061aa00000, 0x000000061aa00000| Untracked 
| 173|0x000000061ac00000, 0x000000061ac00000, 0x000000061ae00000|  0%| F|  |TAMS 0x000000061ac00000, 0x000000061ac00000| Untracked 
| 174|0x000000061ae00000, 0x000000061ae00000, 0x000000061b000000|  0%| F|  |TAMS 0x000000061ae00000, 0x000000061ae00000| Untracked 
| 175|0x000000061b000000, 0x000000061b000000, 0x000000061b200000|  0%| F|  |TAMS 0x000000061b000000, 0x000000061b000000| Untracked 
| 176|0x000000061b200000, 0x000000061b200000, 0x000000061b400000|  0%| F|  |TAMS 0x000000061b200000, 0x000000061b200000| Untracked 
| 177|0x000000061b400000, 0x000000061b400000, 0x000000061b600000|  0%| F|  |TAMS 0x000000061b400000, 0x000000061b400000| Untracked 
| 178|0x000000061b600000, 0x000000061b600000, 0x000000061b800000|  0%| F|  |TAMS 0x000000061b600000, 0x000000061b600000| Untracked 
| 179|0x000000061b800000, 0x000000061b800000, 0x000000061ba00000|  0%| F|  |TAMS 0x000000061b800000, 0x000000061b800000| Untracked 
| 180|0x000000061ba00000, 0x000000061ba00000, 0x000000061bc00000|  0%| F|  |TAMS 0x000000061ba00000, 0x000000061ba00000| Untracked 
| 181|0x000000061bc00000, 0x000000061bc00000, 0x000000061be00000|  0%| F|  |TAMS 0x000000061bc00000, 0x000000061bc00000| Untracked 
| 182|0x000000061be00000, 0x000000061be00000, 0x000000061c000000|  0%| F|  |TAMS 0x000000061be00000, 0x000000061be00000| Untracked 
| 183|0x000000061c000000, 0x000000061c000000, 0x000000061c200000|  0%| F|  |TAMS 0x000000061c000000, 0x000000061c000000| Untracked 
| 184|0x000000061c200000, 0x000000061c200000, 0x000000061c400000|  0%| F|  |TAMS 0x000000061c200000, 0x000000061c200000| Untracked 
| 185|0x000000061c400000, 0x000000061c400000, 0x000000061c600000|  0%| F|  |TAMS 0x000000061c400000, 0x000000061c400000| Untracked 
| 186|0x000000061c600000, 0x000000061c600000, 0x000000061c800000|  0%| F|  |TAMS 0x000000061c600000, 0x000000061c600000| Untracked 
| 187|0x000000061c800000, 0x000000061c800000, 0x000000061ca00000|  0%| F|  |TAMS 0x000000061c800000, 0x000000061c800000| Untracked 
| 188|0x000000061ca00000, 0x000000061ca00000, 0x000000061cc00000|  0%| F|  |TAMS 0x000000061ca00000, 0x000000061ca00000| Untracked 
| 189|0x000000061cc00000, 0x000000061cc00000, 0x000000061ce00000|  0%| F|  |TAMS 0x000000061cc00000, 0x000000061cc00000| Untracked 
| 190|0x000000061ce00000, 0x000000061ce00000, 0x000000061d000000|  0%| F|  |TAMS 0x000000061ce00000, 0x000000061ce00000| Untracked 
| 191|0x000000061d000000, 0x000000061d000000, 0x000000061d200000|  0%| F|  |TAMS 0x000000061d000000, 0x000000061d000000| Untracked 
| 192|0x000000061d200000, 0x000000061d200000, 0x000000061d400000|  0%| F|  |TAMS 0x000000061d200000, 0x000000061d200000| Untracked 
| 193|0x000000061d400000, 0x000000061d400000, 0x000000061d600000|  0%| F|  |TAMS 0x000000061d400000, 0x000000061d400000| Untracked 
| 194|0x000000061d600000, 0x000000061d600000, 0x000000061d800000|  0%| F|  |TAMS 0x000000061d600000, 0x000000061d600000| Untracked 
| 195|0x000000061d800000, 0x000000061d800000, 0x000000061da00000|  0%| F|  |TAMS 0x000000061d800000, 0x000000061d800000| Untracked 
| 196|0x000000061da00000, 0x000000061da00000, 0x000000061dc00000|  0%| F|  |TAMS 0x000000061da00000, 0x000000061da00000| Untracked 
| 197|0x000000061dc00000, 0x000000061dc00000, 0x000000061de00000|  0%| F|  |TAMS 0x000000061dc00000, 0x000000061dc00000| Untracked 
| 198|0x000000061de00000, 0x000000061de00000, 0x000000061e000000|  0%| F|  |TAMS 0x000000061de00000, 0x000000061de00000| Untracked 
| 199|0x000000061e000000, 0x000000061e000000, 0x000000061e200000|  0%| F|  |TAMS 0x000000061e000000, 0x000000061e000000| Untracked 
| 200|0x000000061e200000, 0x000000061e200000, 0x000000061e400000|  0%| F|  |TAMS 0x000000061e200000, 0x000000061e200000| Untracked 
| 201|0x000000061e400000, 0x000000061e400000, 0x000000061e600000|  0%| F|  |TAMS 0x000000061e400000, 0x000000061e400000| Untracked 
| 202|0x000000061e600000, 0x000000061e600000, 0x000000061e800000|  0%| F|  |TAMS 0x000000061e600000, 0x000000061e600000| Untracked 
| 203|0x000000061e800000, 0x000000061e800000, 0x000000061ea00000|  0%| F|  |TAMS 0x000000061e800000, 0x000000061e800000| Untracked 
| 204|0x000000061ea00000, 0x000000061ea00000, 0x000000061ec00000|  0%| F|  |TAMS 0x000000061ea00000, 0x000000061ea00000| Untracked 
| 205|0x000000061ec00000, 0x000000061ec00000, 0x000000061ee00000|  0%| F|  |TAMS 0x000000061ec00000, 0x000000061ec00000| Untracked 
| 206|0x000000061ee00000, 0x000000061ee00000, 0x000000061f000000|  0%| F|  |TAMS 0x000000061ee00000, 0x000000061ee00000| Untracked 
| 207|0x000000061f000000, 0x000000061f000000, 0x000000061f200000|  0%| F|  |TAMS 0x000000061f000000, 0x000000061f000000| Untracked 
| 208|0x000000061f200000, 0x000000061f200000, 0x000000061f400000|  0%| F|  |TAMS 0x000000061f200000, 0x000000061f200000| Untracked 
| 209|0x000000061f400000, 0x000000061f400000, 0x000000061f600000|  0%| F|  |TAMS 0x000000061f400000, 0x000000061f400000| Untracked 
| 210|0x000000061f600000, 0x000000061f600000, 0x000000061f800000|  0%| F|  |TAMS 0x000000061f600000, 0x000000061f600000| Untracked 
| 211|0x000000061f800000, 0x000000061f800000, 0x000000061fa00000|  0%| F|  |TAMS 0x000000061f800000, 0x000000061f800000| Untracked 
| 212|0x000000061fa00000, 0x000000061fa00000, 0x000000061fc00000|  0%| F|  |TAMS 0x000000061fa00000, 0x000000061fa00000| Untracked 
| 213|0x000000061fc00000, 0x000000061fc00000, 0x000000061fe00000|  0%| F|  |TAMS 0x000000061fc00000, 0x000000061fc00000| Untracked 
| 214|0x000000061fe00000, 0x000000061fe00000, 0x0000000620000000|  0%| F|  |TAMS 0x000000061fe00000, 0x000000061fe00000| Untracked 
| 215|0x0000000620000000, 0x0000000620000000, 0x0000000620200000|  0%| F|  |TAMS 0x0000000620000000, 0x0000000620000000| Untracked 
| 216|0x0000000620200000, 0x0000000620200000, 0x0000000620400000|  0%| F|  |TAMS 0x0000000620200000, 0x0000000620200000| Untracked 
| 217|0x0000000620400000, 0x0000000620400000, 0x0000000620600000|  0%| F|  |TAMS 0x0000000620400000, 0x0000000620400000| Untracked 
| 218|0x0000000620600000, 0x0000000620600000, 0x0000000620800000|  0%| F|  |TAMS 0x0000000620600000, 0x0000000620600000| Untracked 
| 219|0x0000000620800000, 0x0000000620800000, 0x0000000620a00000|  0%| F|  |TAMS 0x0000000620800000, 0x0000000620800000| Untracked 
| 220|0x0000000620a00000, 0x0000000620a00000, 0x0000000620c00000|  0%| F|  |TAMS 0x0000000620a00000, 0x0000000620a00000| Untracked 
| 221|0x0000000620c00000, 0x0000000620c00000, 0x0000000620e00000|  0%| F|  |TAMS 0x0000000620c00000, 0x0000000620c00000| Untracked 
| 222|0x0000000620e00000, 0x0000000620e00000, 0x0000000621000000|  0%| F|  |TAMS 0x0000000620e00000, 0x0000000620e00000| Untracked 
| 223|0x0000000621000000, 0x0000000621000000, 0x0000000621200000|  0%| F|  |TAMS 0x0000000621000000, 0x0000000621000000| Untracked 
| 224|0x0000000621200000, 0x0000000621200000, 0x0000000621400000|  0%| F|  |TAMS 0x0000000621200000, 0x0000000621200000| Untracked 
| 225|0x0000000621400000, 0x0000000621400000, 0x0000000621600000|  0%| F|  |TAMS 0x0000000621400000, 0x0000000621400000| Untracked 
| 226|0x0000000621600000, 0x0000000621600000, 0x0000000621800000|  0%| F|  |TAMS 0x0000000621600000, 0x0000000621600000| Untracked 
| 227|0x0000000621800000, 0x0000000621800000, 0x0000000621a00000|  0%| F|  |TAMS 0x0000000621800000, 0x0000000621800000| Untracked 
| 228|0x0000000621a00000, 0x0000000621a00000, 0x0000000621c00000|  0%| F|  |TAMS 0x0000000621a00000, 0x0000000621a00000| Untracked 
| 229|0x0000000621c00000, 0x0000000621c00000, 0x0000000621e00000|  0%| F|  |TAMS 0x0000000621c00000, 0x0000000621c00000| Untracked 
| 230|0x0000000621e00000, 0x0000000621e00000, 0x0000000622000000|  0%| F|  |TAMS 0x0000000621e00000, 0x0000000621e00000| Untracked 
| 231|0x0000000622000000, 0x0000000622000000, 0x0000000622200000|  0%| F|  |TAMS 0x0000000622000000, 0x0000000622000000| Untracked 
| 232|0x0000000622200000, 0x0000000622200000, 0x0000000622400000|  0%| F|  |TAMS 0x0000000622200000, 0x0000000622200000| Untracked 
| 233|0x0000000622400000, 0x0000000622400000, 0x0000000622600000|  0%| F|  |TAMS 0x0000000622400000, 0x0000000622400000| Untracked 
| 234|0x0000000622600000, 0x0000000622600000, 0x0000000622800000|  0%| F|  |TAMS 0x0000000622600000, 0x0000000622600000| Untracked 
| 235|0x0000000622800000, 0x0000000622800000, 0x0000000622a00000|  0%| F|  |TAMS 0x0000000622800000, 0x0000000622800000| Untracked 
| 236|0x0000000622a00000, 0x0000000622c00000, 0x0000000622c00000|100%| E|  |TAMS 0x0000000622a00000, 0x0000000622a00000| Complete 
| 237|0x0000000622c00000, 0x0000000622e00000, 0x0000000622e00000|100%| E|CS|TAMS 0x0000000622c00000, 0x0000000622c00000| Complete 
| 238|0x0000000622e00000, 0x0000000623000000, 0x0000000623000000|100%| E|CS|TAMS 0x0000000622e00000, 0x0000000622e00000| Complete 
| 239|0x0000000623000000, 0x0000000623200000, 0x0000000623200000|100%| E|CS|TAMS 0x0000000623000000, 0x0000000623000000| Complete 
| 240|0x0000000623200000, 0x0000000623400000, 0x0000000623400000|100%| S|CS|TAMS 0x0000000623200000, 0x0000000623200000| Complete 
| 241|0x0000000623400000, 0x0000000623600000, 0x0000000623600000|100%| S|CS|TAMS 0x0000000623400000, 0x0000000623400000| Complete 
| 242|0x0000000623600000, 0x0000000623800000, 0x0000000623800000|100%| E|CS|TAMS 0x0000000623600000, 0x0000000623600000| Complete 
| 243|0x0000000623800000, 0x0000000623a00000, 0x0000000623a00000|100%| E|CS|TAMS 0x0000000623800000, 0x0000000623800000| Complete 
| 244|0x0000000623a00000, 0x0000000623c00000, 0x0000000623c00000|100%| E|CS|TAMS 0x0000000623a00000, 0x0000000623a00000| Complete 
| 245|0x0000000623c00000, 0x0000000623e00000, 0x0000000623e00000|100%| E|CS|TAMS 0x0000000623c00000, 0x0000000623c00000| Complete 
| 246|0x0000000623e00000, 0x0000000624000000, 0x0000000624000000|100%| E|CS|TAMS 0x0000000623e00000, 0x0000000623e00000| Complete 
| 247|0x0000000624000000, 0x0000000624200000, 0x0000000624200000|100%| E|CS|TAMS 0x0000000624000000, 0x0000000624000000| Complete 
| 248|0x0000000624200000, 0x0000000624400000, 0x0000000624400000|100%| E|CS|TAMS 0x0000000624200000, 0x0000000624200000| Complete 
| 249|0x0000000624400000, 0x0000000624600000, 0x0000000624600000|100%| E|CS|TAMS 0x0000000624400000, 0x0000000624400000| Complete 
| 250|0x0000000624600000, 0x0000000624800000, 0x0000000624800000|100%| E|CS|TAMS 0x0000000624600000, 0x0000000624600000| Complete 
| 251|0x0000000624800000, 0x0000000624a00000, 0x0000000624a00000|100%| E|CS|TAMS 0x0000000624800000, 0x0000000624800000| Complete 
| 252|0x0000000624a00000, 0x0000000624c00000, 0x0000000624c00000|100%| E|CS|TAMS 0x0000000624a00000, 0x0000000624a00000| Complete 
| 253|0x0000000624c00000, 0x0000000624e00000, 0x0000000624e00000|100%| E|CS|TAMS 0x0000000624c00000, 0x0000000624c00000| Complete 

Card table byte_map: [0x000001bcd19e0000,0x000001bcd29c0000] _byte_map_base: 0x000001bcce9b7000

Marking Bits (Prev, Next): (CMBitMap*) 0x000001bcb885dfc8, (CMBitMap*) 0x000001bcb885e000
 Prev Bits: [0x000001bcd39a0000, 0x000001bcdb858000)
 Next Bits: [0x000001bcdb860000, 0x000001bce3718000)

Polling page: 0x000001bcb7f90000

Metaspace:

Usage:
  Non-class:     11.51 MB capacity,    11.41 MB (>99%) used,    82.19 KB ( <1%) free+waste,    13.31 KB ( <1%) overhead. 
      Class:      1.72 MB capacity,     1.67 MB ( 97%) used,    51.18 KB (  3%) free+waste,     6.19 KB ( <1%) overhead. 
       Both:     13.23 MB capacity,    13.08 MB ( 99%) used,   133.37 KB ( <1%) free+waste,    19.50 KB ( <1%) overhead. 

Virtual space:
  Non-class space:       12.00 MB reserved,      11.75 MB ( 98%) committed 
      Class space:        1.00 GB reserved,       1.75 MB ( <1%) committed 
             Both:        1.01 GB reserved,      13.50 MB (  1%) committed 

Chunk freelists:
   Non-Class:  56.00 KB
       Class:  29.00 KB
        Both:  85.00 KB

MaxMetaspaceSize: 17179869184.00 GB
CompressedClassSpaceSize: 1.00 GB
Initial GC threshold: 20.80 MB
Current GC threshold: 20.80 MB
CDS: off

CodeHeap 'non-profiled nmethods': size=119168Kb used=524Kb max_used=524Kb free=118644Kb
 bounds [0x000001bcc8af0000, 0x000001bcc8d60000, 0x000001bccff50000]
CodeHeap 'profiled nmethods': size=119168Kb used=2347Kb max_used=2347Kb free=116820Kb
 bounds [0x000001bcc1690000, 0x000001bcc1900000, 0x000001bcc8af0000]
CodeHeap 'non-nmethods': size=7424Kb used=2833Kb max_used=2868Kb free=4590Kb
 bounds [0x000001bcc0f50000, 0x000001bcc1220000, 0x000001bcc1690000]
 total_blobs=1610 nmethods=1218 adapters=301
 compilation: enabled
              stopped_count=0, restarted_count=0
 full_count=0

Compilation events (20 events):
Event: 1.628 Thread 0x000001bce6ec1800 1209       3       net.bytebuddy.jar.asm.ByteVector::putUTF8 (144 bytes)
Event: 1.628 Thread 0x000001bce6ebe000 1211       3       net.bytebuddy.utility.visitor.StackAwareMethodVisitor::adjustStack (269 bytes)
Event: 1.628 Thread 0x000001bce6ec0800 nmethod 1208 0x000001bcc18d2a90 code [0x000001bcc18d2c40, 0x000001bcc18d2ed8]
Event: 1.628 Thread 0x000001bce6ec0800 1210       3       net.bytebuddy.utility.visitor.StackAwareMethodVisitor::adjustStack (7 bytes)
Event: 1.628 Thread 0x000001bce6d1d800 1212       3       java.lang.Integer::hashCode (8 bytes)
Event: 1.628 Thread 0x000001bce6ec0800 nmethod 1210 0x000001bcc18d3010 code [0x000001bcc18d31c0, 0x000001bcc18d32e8]
Event: 1.628 Thread 0x000001bce6ec0800 1214       3       net.bytebuddy.jar.asm.MethodVisitor::visitVarInsn (17 bytes)
Event: 1.628 Thread 0x000001bce6d1d800 nmethod 1212 0x000001bcc18d3390 code [0x000001bcc18d3540, 0x000001bcc18d3698]
Event: 1.628 Thread 0x000001bce6ec0800 nmethod 1214 0x000001bcc18d3790 code [0x000001bcc18d3940, 0x000001bcc18d3b48]
Event: 1.628 Thread 0x000001bce6ec0800 1213       3       java.lang.Integer::hashCode (2 bytes)
Event: 1.628 Thread 0x000001bce6d1d800 1215       3       net.bytebuddy.jar.asm.ByteVector::putByte (39 bytes)
Event: 1.628 Thread 0x000001bce6ec0800 nmethod 1213 0x000001bcc18d3c10 code [0x000001bcc18d3dc0, 0x000001bcc18d3e98]
Event: 1.628 Thread 0x000001bce6d1d800 nmethod 1215 0x000001bcc18d3f10 code [0x000001bcc18d40e0, 0x000001bcc18d42c8]
Event: 1.629 Thread 0x000001bce6ec1800 nmethod 1209 0x000001bcc18d4410 code [0x000001bcc18d46a0, 0x000001bcc18d51a8]
Event: 1.630 Thread 0x000001bce6ebe000 nmethod 1211 0x000001bcc18d5690 code [0x000001bcc18d5c20, 0x000001bcc18d8878]
Event: 1.635 Thread 0x000001bce6ec0800 1216       3       net.bytebuddy.jar.asm.SymbolTable::put (150 bytes)
Event: 1.635 Thread 0x000001bce6ec0800 nmethod 1216 0x000001bcc18d9610 code [0x000001bcc18d9820, 0x000001bcc18da0f8]
Event: 1.635 Thread 0x000001bce6d1d800 1217       3       net.bytebuddy.jar.asm.ByteVector::putShort (52 bytes)
Event: 1.635 Thread 0x000001bce6d1d800 nmethod 1217 0x000001bcc18da410 code [0x000001bcc18da5e0, 0x000001bcc18da7e8]
Event: 1.636 Thread 0x000001bce6ec0800 1218       3       java.util.Collections$UnmodifiableCollection$1::next (10 bytes)

GC Heap History (2 events):
Event: 0.953 GC heap before
{Heap before GC invocations=0 (full 0):
 garbage-first heap   total 520192K, used 22528K [0x0000000605200000, 0x0000000800000000)
  region size 2048K, 12 young (24576K), 0 survivors (0K)
 Metaspace       used 9061K, capacity 9247K, committed 9472K, reserved 1058816K
  class space    used 934K, capacity 1015K, committed 1024K, reserved 1048576K
}
Event: 0.958 GC heap after
{Heap after GC invocations=1 (full 0):
 garbage-first heap   total 520192K, used 5264K [0x0000000605200000, 0x0000000800000000)
  region size 2048K, 2 young (4096K), 2 survivors (4096K)
 Metaspace       used 9061K, capacity 9247K, committed 9472K, reserved 1058816K
  class space    used 934K, capacity 1015K, committed 1024K, reserved 1048576K
}

Deoptimization events (20 events):
Event: 1.461 Thread 0x000001bcb87d4000 Uncommon trap: trap_request=0xffffff4d fr.pc=0x000001bcc8b45330 relative=0x00000000000003f0
Event: 1.461 Thread 0x000001bcb87d4000 Uncommon trap: reason=unstable_if action=reinterpret pc=0x000001bcc8b45330 method=java.lang.StringLatin1.indexOf([BI[BII)I @ 91 c2
Event: 1.461 Thread 0x000001bcb87d4000 DEOPT PACKING pc=0x000001bcc8b45330 sp=0x00000042d36fad40
Event: 1.461 Thread 0x000001bcb87d4000 DEOPT UNPACKING pc=0x000001bcc0f9a1af sp=0x00000042d36faca0 mode 2
Event: 1.467 Thread 0x000001bcb87d4000 DEOPT PACKING pc=0x000001bcc18c077f sp=0x00000042d36f8a60
Event: 1.467 Thread 0x000001bcb87d4000 DEOPT UNPACKING pc=0x000001bcc0f9a95e sp=0x00000042d36f7eb0 mode 0
Event: 1.477 Thread 0x000001bcb87d4000 DEOPT PACKING pc=0x000001bcc18c077f sp=0x00000042d36f90f0
Event: 1.477 Thread 0x000001bcb87d4000 DEOPT UNPACKING pc=0x000001bcc0f9a95e sp=0x00000042d36f8540 mode 0
Event: 1.490 Thread 0x000001bcb87d4000 DEOPT PACKING pc=0x000001bcc18c077f sp=0x00000042d36f9b10
Event: 1.490 Thread 0x000001bcb87d4000 DEOPT UNPACKING pc=0x000001bcc0f9a95e sp=0x00000042d36f8f60 mode 0
Event: 1.500 Thread 0x000001bcb87d4000 DEOPT PACKING pc=0x000001bcc18c077f sp=0x00000042d36f9a40
Event: 1.500 Thread 0x000001bcb87d4000 DEOPT UNPACKING pc=0x000001bcc0f9a95e sp=0x00000042d36f8e90 mode 0
Event: 1.510 Thread 0x000001bcb87d4000 DEOPT PACKING pc=0x000001bcc18c077f sp=0x00000042d36fa000
Event: 1.510 Thread 0x000001bcb87d4000 DEOPT UNPACKING pc=0x000001bcc0f9a95e sp=0x00000042d36f9450 mode 0
Event: 1.525 Thread 0x000001bcb87d4000 DEOPT PACKING pc=0x000001bcc18c077f sp=0x00000042d36f75c0
Event: 1.525 Thread 0x000001bcb87d4000 DEOPT UNPACKING pc=0x000001bcc0f9a95e sp=0x00000042d36f6a10 mode 0
Event: 1.636 Thread 0x000001bcb87d4000 Uncommon trap: trap_request=0xffffff4d fr.pc=0x000001bcc8b5644c relative=0x000000000000060c
Event: 1.636 Thread 0x000001bcb87d4000 Uncommon trap: reason=unstable_if action=reinterpret pc=0x000001bcc8b5644c method=java.lang.Integer.getChars(II[B)I @ 25 c2
Event: 1.636 Thread 0x000001bcb87d4000 DEOPT PACKING pc=0x000001bcc8b5644c sp=0x00000042d36feac0
Event: 1.636 Thread 0x000001bcb87d4000 DEOPT UNPACKING pc=0x000001bcc0f9a1af sp=0x00000042d36fea08 mode 2

Classes redefined (0 events):
No events

Internal exceptions (14 events):
Event: 0.815 Thread 0x000001bcb87d4000 Exception <a 'java/lang/NoSuchMethodError'{0x0000000623a63178}: 'int java.lang.invoke.DirectMethodHandle$Holder.invokeStaticInit(java.lang.Object, java.lang.Object, java.lang.Object, java.lang.Object)'> (0x0000000623a63178) thrown at [s\src\hotspot\share\interpreter\linkResolver.cpp, line 773]
Event: 0.816 Thread 0x000001bcb87d4000 Exception <a 'java/lang/IncompatibleClassChangeError'{0x0000000623a6d190}: Found class java.lang.Object, but interface was expected> (0x0000000623a6d190) thrown at [s\src\hotspot\share\interpreter\linkResolver.cpp, line 839]
Event: 0.817 Thread 0x000001bcb87d4000 Exception <a 'java/lang/NoSuchMethodError'{0x0000000623a704f8}: 'void java.lang.invoke.DirectMethodHandle$Holder.invokeStaticInit(java.lang.Object, java.lang.Object)'> (0x0000000623a704f8) thrown at [s\src\hotspot\share\interpreter\linkResolver.cpp, line 773]
Event: 0.818 Thread 0x000001bcb87d4000 Exception <a 'java/lang/NoSuchMethodError'{0x0000000623a75ae0}: 'int java.lang.invoke.DirectMethodHandle$Holder.invokeStaticInit(java.lang.Object, java.lang.Object)'> (0x0000000623a75ae0) thrown at [s\src\hotspot\share\interpreter\linkResolver.cpp, line 773]
Event: 1.197 Thread 0x000001bcb87d4000 Exception <a 'java/lang/ClassNotFoundException'{0x0000000624324860}: java/lang/ClassLoader$ByteBuddyAccessor$V1> (0x0000000624324860) thrown at [s\src\hotspot\share\classfile\systemDictionary.cpp, line 230]
Event: 1.354 Thread 0x000001bcb87d4000 Exception <a 'java/lang/NoSuchMethodError'{0x0000000623d867f8}: 'java.lang.Object java.lang.invoke.DirectMethodHandle$Holder.invokeVirtual(java.lang.Object, java.lang.Object, java.lang.Object)'> (0x0000000623d867f8) thrown at [s\src\hotspot\share\interpreter\linkResolver.cpp, line 773]
Event: 1.604 Thread 0x000001bcb87d4000 Exception <a 'java/lang/ClassNotFoundException'{0x0000000622da0af0}: java/lang/constant/ConstantDesc> (0x0000000622da0af0) thrown at [s\src\hotspot\share\classfile\systemDictionary.cpp, line 230]
Event: 1.607 Thread 0x000001bcb87d4000 Exception <a 'java/lang/ClassNotFoundException'{0x0000000622dc3d20}: java/lang/constant/ClassDesc> (0x0000000622dc3d20) thrown at [s\src\hotspot\share\classfile\systemDictionary.cpp, line 230]
Event: 1.609 Thread 0x000001bcb87d4000 Exception <a 'java/lang/ClassNotFoundException'{0x0000000622dd8f68}: java/lang/constant/MethodTypeDesc> (0x0000000622dd8f68) thrown at [s\src\hotspot\share\classfile\systemDictionary.cpp, line 230]
Event: 1.610 Thread 0x000001bcb87d4000 Exception <a 'java/lang/ClassNotFoundException'{0x0000000622df1cc8}: java/lang/constant/MethodHandleDesc> (0x0000000622df1cc8) thrown at [s\src\hotspot\share\classfile\systemDictionary.cpp, line 230]
Event: 1.611 Thread 0x000001bcb87d4000 Exception <a 'java/lang/ClassNotFoundException'{0x0000000622a081b0}: java/lang/constant/DirectMethodHandleDesc> (0x0000000622a081b0) thrown at [s\src\hotspot\share\classfile\systemDictionary.cpp, line 230]
Event: 1.612 Thread 0x000001bcb87d4000 Exception <a 'java/lang/ClassNotFoundException'{0x0000000622a20848}: java/lang/constant/DirectMethodHandleDesc$Kind> (0x0000000622a20848) thrown at [s\src\hotspot\share\classfile\systemDictionary.cpp, line 230]
Event: 1.614 Thread 0x000001bcb87d4000 Exception <a 'java/lang/ClassNotFoundException'{0x0000000622a32120}: java/lang/constant/DynamicConstantDesc> (0x0000000622a32120) thrown at [s\src\hotspot\share\classfile\systemDictionary.cpp, line 230]
Event: 1.635 Thread 0x000001bcb87d4000 Exception <a 'java/lang/VerifyError'{0x0000000622b30c78}: Illegal type at constant pool entry 146 in class com.intellij.rt.execution.application.AppMainV2$Agent
Exception Details:
  Location:
    com/intellij/rt/execution/application/AppMainV2$Agent.equals(Ljava/lang/Object;)Z @169: invokestatic
  Reason:
    Constant pool index 146 is invalid
  Bytecode:
    0000000: b200 2612 2804 bd00 0259 032b 53b8 002e
    0000010: ba00 3a00 00b6 003f b800 45b6 004b 124d
    0000020: b600 514d 2c12 28ba 0056 0000 b900

Events (20 events):
Event: 1.630 loading class net/bytebuddy/implementation/bytecode/constant/LongConstant
Event: 1.630 loading class net/bytebuddy/implementation/bytecode/constant/LongConstant done
Event: 1.631 loading class net/bytebuddy/implementation/bytecode/constant/FloatConstant
Event: 1.631 loading class net/bytebuddy/implementation/bytecode/constant/FloatConstant done
Event: 1.631 loading class net/bytebuddy/implementation/bytecode/constant/DoubleConstant
Event: 1.631 loading class net/bytebuddy/implementation/bytecode/constant/DoubleConstant done
Event: 1.632 loading class net/bytebuddy/implementation/bytecode/constant/ClassConstant
Event: 1.632 loading class net/bytebuddy/implementation/bytecode/constant/ClassConstant done
Event: 1.633 loading class net/bytebuddy/implementation/bytecode/constant/ClassConstant$ForReferenceType
Event: 1.633 loading class net/bytebuddy/implementation/bytecode/constant/ClassConstant$ForReferenceType done
Event: 1.634 loading class net/bytebuddy/implementation/bytecode/constant/IntegerConstant$ConstantPool
Event: 1.634 loading class net/bytebuddy/implementation/bytecode/constant/IntegerConstant$ConstantPool done
Event: 1.635 loading class java/lang/VerifyError
Event: 1.635 loading class java/lang/VerifyError done
Event: 1.635 loading class java/lang/Throwable$WrappedPrintStream
Event: 1.635 loading class java/lang/Throwable$PrintStreamOrWriter
Event: 1.636 loading class java/lang/Throwable$PrintStreamOrWriter done
Event: 1.636 loading class java/lang/Throwable$WrappedPrintStream done
Event: 1.636 loading class java/lang/StackTraceElement$HashedModules
Event: 1.636 loading class java/lang/StackTraceElement$HashedModules done


Dynamic libraries:
0x00007ff7e7750000 - 0x00007ff7e775e000 	C:\Users\ashar17\.jdks\corretto-11.0.22\bin\java.exe
0x00007fffe3670000 - 0x00007fffe3886000 	C:\WINDOWS\SYSTEM32\ntdll.dll
0x00007fffe2550000 - 0x00007fffe2614000 	C:\WINDOWS\System32\KERNEL32.DLL
0x00007fffe0c20000 - 0x00007fffe0fc7000 	C:\WINDOWS\System32\KERNELBASE.dll
0x00007fffe0990000 - 0x00007fffe0aa1000 	C:\WINDOWS\System32\ucrtbase.dll
0x00007fffc4ac0000 - 0x00007fffc4adb000 	C:\Users\ashar17\.jdks\corretto-11.0.22\bin\VCRUNTIME140.dll
0x00007fffd2200000 - 0x00007fffd2217000 	C:\Users\ashar17\.jdks\corretto-11.0.22\bin\jli.dll
0x00007fffe23a0000 - 0x00007fffe254e000 	C:\WINDOWS\System32\USER32.dll
0x00007fffe1370000 - 0x00007fffe1396000 	C:\WINDOWS\System32\win32u.dll
0x00007fffe13a0000 - 0x00007fffe13c9000 	C:\WINDOWS\System32\GDI32.dll
0x00007fffe1040000 - 0x00007fffe1159000 	C:\WINDOWS\System32\gdi32full.dll
0x00007fffe12d0000 - 0x00007fffe136a000 	C:\WINDOWS\System32\msvcp_win.dll
0x00007fffc19b0000 - 0x00007fffc1c43000 	C:\WINDOWS\WinSxS\amd64_microsoft.windows.common-controls_6595b64144ccf1df_6.0.22621.3235_none_270f74e173860f98\COMCTL32.dll
0x00007fffe3270000 - 0x00007fffe3317000 	C:\WINDOWS\System32\msvcrt.dll
0x00007fffe13d0000 - 0x00007fffe1401000 	C:\WINDOWS\System32\IMM32.DLL
0x00007fffd76d0000 - 0x00007fffd76dc000 	C:\Users\ashar17\.jdks\corretto-11.0.22\bin\vcruntime140_1.dll
0x00007fff9d1e0000 - 0x00007fff9d26d000 	C:\Users\ashar17\.jdks\corretto-11.0.22\bin\msvcp140.dll
0x00007fff016f0000 - 0x00007fff022b3000 	C:\Users\ashar17\.jdks\corretto-11.0.22\bin\server\jvm.dll
0x00007fffe3110000 - 0x00007fffe31c2000 	C:\WINDOWS\System32\ADVAPI32.dll
0x00007fffe3060000 - 0x00007fffe3108000 	C:\WINDOWS\System32\sechost.dll
0x00007fffe0ab0000 - 0x00007fffe0ad8000 	C:\WINDOWS\System32\bcrypt.dll
0x00007fffe3460000 - 0x00007fffe3575000 	C:\WINDOWS\System32\RPCRT4.dll
0x00007fffe1410000 - 0x00007fffe1418000 	C:\WINDOWS\System32\PSAPI.DLL
0x00007fffdf470000 - 0x00007fffdf47a000 	C:\WINDOWS\SYSTEM32\VERSION.dll
0x00007fffdb210000 - 0x00007fffdb244000 	C:\WINDOWS\SYSTEM32\WINMM.dll
0x00007fffccb90000 - 0x00007fffccb99000 	C:\WINDOWS\SYSTEM32\WSOCK32.dll
0x00007fffe2fd0000 - 0x00007fffe3041000 	C:\WINDOWS\System32\WS2_32.dll
0x00007fffdf910000 - 0x00007fffdf928000 	C:\WINDOWS\SYSTEM32\kernel.appcore.dll
0x00007fffd7200000 - 0x00007fffd7210000 	C:\Users\ashar17\.jdks\corretto-11.0.22\bin\verify.dll
0x00007fffddcd0000 - 0x00007fffddf03000 	C:\WINDOWS\SYSTEM32\DBGHELP.DLL
0x00007fffe1420000 - 0x00007fffe17a8000 	C:\WINDOWS\System32\combase.dll
0x00007fffe3380000 - 0x00007fffe3457000 	C:\WINDOWS\System32\OLEAUT32.dll
0x00007fffdb1d0000 - 0x00007fffdb202000 	C:\WINDOWS\SYSTEM32\dbgcore.DLL
0x00007fffe0ae0000 - 0x00007fffe0b59000 	C:\WINDOWS\System32\bcryptPrimitives.dll
0x00007fffc15b0000 - 0x00007fffc15d8000 	C:\Users\ashar17\.jdks\corretto-11.0.22\bin\java.dll
0x00007fffd5f50000 - 0x00007fffd5f5a000 	C:\Users\ashar17\.jdks\corretto-11.0.22\bin\jimage.dll
0x00007fffd7c40000 - 0x00007fffd7c4e000 	C:\Users\ashar17\.jdks\corretto-11.0.22\bin\instrument.dll
0x00007fffc31a0000 - 0x00007fffc31b8000 	C:\Users\ashar17\.jdks\corretto-11.0.22\bin\zip.dll
0x00007fffe2770000 - 0x00007fffe2fcc000 	C:\WINDOWS\System32\SHELL32.dll
0x00007fffde300000 - 0x00007fffdebf9000 	C:\WINDOWS\SYSTEM32\windows.storage.dll
0x00007fffde1c0000 - 0x00007fffde2fe000 	C:\WINDOWS\SYSTEM32\wintypes.dll
0x00007fffe1860000 - 0x00007fffe1953000 	C:\WINDOWS\System32\SHCORE.dll
0x00007fffe2340000 - 0x00007fffe239e000 	C:\WINDOWS\System32\shlwapi.dll
0x00007fffe08c0000 - 0x00007fffe08e1000 	C:\WINDOWS\SYSTEM32\profapi.dll
0x00007fffbdd20000 - 0x00007fffbdd39000 	C:\Users\ashar17\.jdks\corretto-11.0.22\bin\net.dll
0x00007fffdf930000 - 0x00007fffdfa66000 	C:\WINDOWS\SYSTEM32\WINHTTP.dll
0x00007fffdfeb0000 - 0x00007fffdff19000 	C:\WINDOWS\system32\mswsock.dll
0x00007fffbda70000 - 0x00007fffbda82000 	C:\Users\ashar17\.jdks\corretto-11.0.22\bin\nio.dll

dbghelp: loaded successfully - version: 4.0.5 - missing functions: none
symbol engine: initialized successfully - sym options: 0x614 - pdb path: .;C:\Users\ashar17\.jdks\corretto-11.0.22\bin;C:\WINDOWS\SYSTEM32;C:\WINDOWS\WinSxS\amd64_microsoft.windows.common-controls_6595b64144ccf1df_6.0.22621.3235_none_270f74e173860f98;C:\Users\ashar17\.jdks\corretto-11.0.22\bin\server

VM Arguments:
jvm_args: -javaagent:C:\Users\ashar17\IdeaProjects\HyperTest\src\main\resources\JavaAgent-1.0-SNAPSHOT.jar -javaagent:C:\Program Files\JetBrains\IntelliJ IDEA Community Edition 2022.3.3\lib\idea_rt.jar=63852:C:\Program Files\JetBrains\IntelliJ IDEA Community Edition 2022.3.3\bin -Dfile.encoding=UTF-8 
java_command: com.HpyerTest.Application.HyperTestApplication
java_class_path (initial): C:\Users\ashar17\IdeaProjects\HyperTest\target\classes;C:\Users\ashar17\.m2\repository\org\springframework\boot\spring-boot-starter-web\3.2.5\spring-boot-starter-web-3.2.5.jar;C:\Users\ashar17\.m2\repository\org\springframework\boot\spring-boot-starter\2.7.0\spring-boot-starter-2.7.0.jar;C:\Users\ashar17\.m2\repository\org\springframework\boot\spring-boot-starter-logging\2.7.0\spring-boot-starter-logging-2.7.0.jar;C:\Users\ashar17\.m2\repository\ch\qos\logback\logback-classic\1.2.11\logback-classic-1.2.11.jar;C:\Users\ashar17\.m2\repository\ch\qos\logback\logback-core\1.2.11\logback-core-1.2.11.jar;C:\Users\ashar17\.m2\repository\org\apache\logging\log4j\log4j-to-slf4j\2.17.2\log4j-to-slf4j-2.17.2.jar;C:\Users\ashar17\.m2\repository\org\apache\logging\log4j\log4j-api\2.17.2\log4j-api-2.17.2.jar;C:\Users\ashar17\.m2\repository\org\slf4j\jul-to-slf4j\1.7.36\jul-to-slf4j-1.7.36.jar;C:\Users\ashar17\.m2\repository\jakarta\annotation\jakarta.annotation-api\1.3.5\jakarta.annotation-api-1.3.5.jar;C:\Users\ashar17\.m2\repository\org\yaml\snakeyaml\1.30\snakeyaml-1.30.jar;C:\Users\ashar17\.m2\repository\org\springframework\boot\spring-boot-starter-json\2.7.0\spring-boot-starter-json-2.7.0.jar;C:\Users\ashar17\.m2\repository\com\fasterxml\jackson\core\jackson-databind\2.13.3\jackson-databind-2.13.3.jar;C:\Users\ashar17\.m2\repository\com\fasterxml\jackson\core\jackson-annotations\2.13.3\jackson-annotations-2.13.3.jar;C:\Users\ashar17\.m2\repository\com\fasterxml\jackson\core\jackson-core\2.13.3\jackson-core-2.13.3.jar;C:\Users\ashar17\.m2\repository\com\fasterxml\jackson\datatype\jackson-datatype-jdk8\2.13.3\jackson-datatype-jdk8-2.13.3.jar;C:\Users\ashar17\.m2\repository\com\fasterxml\jackson\datatype\jackson-datatype-jsr310\2.13.3\jackson-datatype-jsr310-2.13.3.jar;C:\Users\ashar17\.m2\repository\com\fasterxml\jackson\module\jackson-module-parameter-names\2.13.3\jackson-module-parameter-names-2.13.3.jar;C:\Users\ashar17\.m2\repository\org\spring
Launcher Type: SUN_STANDARD

[Global flags]
     intx CICompilerCount                          = 12                                        {product} {ergonomic}
     uint ConcGCThreads                            = 4                                         {product} {ergonomic}
     uint G1ConcRefinementThreads                  = 15                                        {product} {ergonomic}
   size_t G1HeapRegionSize                         = 2097152                                   {product} {ergonomic}
    uintx GCDrainStackTargetSize                   = 64                                        {product} {ergonomic}
   size_t InitialHeapSize                          = 532676608                                 {product} {ergonomic}
   size_t MarkStackSize                            = 4194304                                   {product} {ergonomic}
   size_t MaxHeapSize                              = 8503951360                                {product} {ergonomic}
   size_t MaxNewSize                               = 5102370816                                {product} {ergonomic}
   size_t MinHeapDeltaBytes                        = 2097152                                   {product} {ergonomic}
    uintx NonNMethodCodeHeapSize                   = 7594288                                {pd product} {ergonomic}
    uintx NonProfiledCodeHeapSize                  = 122031976                              {pd product} {ergonomic}
    uintx ProfiledCodeHeapSize                     = 122031976                              {pd product} {ergonomic}
    uintx ReservedCodeCacheSize                    = 251658240                              {pd product} {ergonomic}
     bool SegmentedCodeCache                       = true                                      {product} {ergonomic}
     bool UseCompressedClassPointers               = true                                 {lp64_product} {ergonomic}
     bool UseCompressedOops                        = true                                 {lp64_product} {ergonomic}
     bool UseG1GC                                  = true                                      {product} {ergonomic}
     bool UseLargePagesIndividualAllocation        = false                                  {pd product} {ergonomic}

Logging:
Log output configuration:
 #0: stdout all=warning uptime,level,tags
 #1: stderr all=off uptime,level,tags

Environment Variables:
JAVA_HOME=C:\Users\ashar17\.jdks\corretto-11.0.18
PATH=C:\Program Files\Python38\Scripts\;C:\Program Files\Python38\;C:\Python311\Scripts\;C:\Python311\;C:\Program Files (x86)\Common Files\Oracle\Java\javapath;C:\WINDOWS\system32;C:\WINDOWS;C:\WINDOWS\System32\Wbem;C:\WINDOWS\System32\WindowsPowerShell\v1.0\;C:\WINDOWS\System32\OpenSSH\;C:\Program Files\dotnet\;C:\apache-maven-3.8.6\bin;C:\Users\ashar17\.jdks\corretto-11.0.18\bin;C:\Program Files (x86)\Microsoft SQL Server\150\DTS\Binn\;C:\Program Files\Azure Data Studio\bin;C:\Program Files\Microsoft SQL Server\150\Tools\Binn\;C:\Program Files\Microsoft SQL Server\130\Tools\Binn\;C:\Program Files\Docker\Docker\resources\bin;C:\Program Files\Amazon\AWSCLIV2\;C:\Program Files\nodejs\;C:\ProgramData\chocolatey\bin;C:\Program Files\Microsoft VS Code\bin;C:\Program Files\Microsoft SQL Server\Client SDK\ODBC\170\Tools\Binn\;C:\Program Files (x86)\GnuWin32\bin;C:\Users\ashar17\AppData\Local\Microsoft\WindowsApps;C:\Users\ashar17\AppData\Local\Programs\Git\cmd;C:\Users\ashar17\.dotnet\tools;C:\Program Files\JetBrains\IntelliJ IDEA Community Edition 2022.3.3\bin;;C:\Users\ashar17\AppData\Roaming\npm;C:\Program Files\JetBrains\PyCharm Edu 2022.2.2\bin;;C:\Program Files (x86)\GnuWin32\bin;
USERNAME=ashar17
OS=Windows_NT
PROCESSOR_IDENTIFIER=Intel64 Family 6 Model 154 Stepping 3, GenuineIntel
TMP=C:\Users\ashar17\AppData\Local\Temp
TEMP=C:\Users\ashar17\AppData\Local\Temp



---------------  S Y S T E M  ---------------

OS: Windows 11 , 64 bit Build 22621 (10.0.22621.3374)
OS uptime: 0 days 19:52 hours
Hyper-V role detected

CPU:total 20 (initial active 20) (10 cores per cpu, 2 threads per core) family 6 model 154 stepping 3 microcode 0x42c, cmov, cx8, fxsr, mmx, sse, sse2, sse3, ssse3, sse4.1, sse4.2, popcnt, avx, avx2, aes, clmul, erms, 3dnowpref, lzcnt, ht, tsc, tscinvbit, bmi1, bmi2, adx, sha, fma

Memory: 4k page, system-wide physical 32439M (12876M free)
TotalPageFile size 34487M (AvailPageFile size 7594M)
current process WorkingSet (physical memory assigned to process): 114M, peak: 114M
current process commit charge ("private bytes"): 645M, peak: 647M

vm_info: OpenJDK 64-Bit Server VM (11.0.22+7-LTS) for windows-amd64 JRE (11.0.22+7-LTS), built on Jan 10 2024 19:54:00 by "Administrator" with MS VC++ 16.10 / 16.11 (VS2019)

END.
